0 info it worked if it ends with ok
1 verbose cli [ '/Users/johnamaloney/.meteor/packages/meteor-tool/.1.4.2_3.1jwoed2++os.osx.x86_64+web.browser+web.cordova/mt-os.osx.x86_64/dev_bundle/bin/node',
1 verbose cli   '/Users/johnamaloney/.meteor/packages/meteor-tool/.1.4.2_3.1jwoed2++os.osx.x86_64+web.browser+web.cordova/mt-os.osx.x86_64/dev_bundle/bin/npm',
1 verbose cli   'install',
1 verbose cli   '--save',
1 verbose cli   'color-thief' ]
2 info using npm@3.10.9
3 info using node@v4.6.2
4 silly loadCurrentTree Starting
5 silly install loadCurrentTree
6 silly install readLocalPackageData
7 silly fetchPackageMetaData color-thief
8 silly fetchNamedPackageData color-thief
9 silly mapToRegistry name color-thief
10 silly mapToRegistry using default registry
11 silly mapToRegistry registry https://registry.npmjs.org/
12 silly mapToRegistry data Result {
12 silly mapToRegistry   raw: 'color-thief',
12 silly mapToRegistry   scope: null,
12 silly mapToRegistry   escapedName: 'color-thief',
12 silly mapToRegistry   name: 'color-thief',
12 silly mapToRegistry   rawSpec: '',
12 silly mapToRegistry   spec: 'latest',
12 silly mapToRegistry   type: 'tag' }
13 silly mapToRegistry uri https://registry.npmjs.org/color-thief
14 verbose request uri https://registry.npmjs.org/color-thief
15 verbose request no auth needed
16 info attempt registry request try #1 at 11:14:13 PM
17 verbose request id 8a4bbc95977c699c
18 http request GET https://registry.npmjs.org/color-thief
19 http 200 https://registry.npmjs.org/color-thief
20 verbose headers { server: 'nginx/1.10.1',
20 verbose headers   'content-type': 'application/json',
20 verbose headers   'last-modified': 'Wed, 14 Dec 2016 11:10:55 GMT',
20 verbose headers   etag: 'W/"585128bf-1d85"',
20 verbose headers   'content-encoding': 'gzip',
20 verbose headers   'cache-control': 'max-age=300',
20 verbose headers   'content-length': '1980',
20 verbose headers   'accept-ranges': 'bytes',
20 verbose headers   date: 'Thu, 02 Feb 2017 05:14:14 GMT',
20 verbose headers   via: '1.1 varnish',
20 verbose headers   age: '0',
20 verbose headers   connection: 'keep-alive',
20 verbose headers   'x-served-by': 'cache-ord1735-ORD',
20 verbose headers   'x-cache': 'MISS',
20 verbose headers   'x-cache-hits': '0',
20 verbose headers   'x-timer': 'S1486012454.925801,VS0,VE19',
20 verbose headers   vary: 'Accept-Encoding' }
21 silly get cb [ 200,
21 silly get   { server: 'nginx/1.10.1',
21 silly get     'content-type': 'application/json',
21 silly get     'last-modified': 'Wed, 14 Dec 2016 11:10:55 GMT',
21 silly get     etag: 'W/"585128bf-1d85"',
21 silly get     'content-encoding': 'gzip',
21 silly get     'cache-control': 'max-age=300',
21 silly get     'content-length': '1980',
21 silly get     'accept-ranges': 'bytes',
21 silly get     date: 'Thu, 02 Feb 2017 05:14:14 GMT',
21 silly get     via: '1.1 varnish',
21 silly get     age: '0',
21 silly get     connection: 'keep-alive',
21 silly get     'x-served-by': 'cache-ord1735-ORD',
21 silly get     'x-cache': 'MISS',
21 silly get     'x-cache-hits': '0',
21 silly get     'x-timer': 'S1486012454.925801,VS0,VE19',
21 silly get     vary: 'Accept-Encoding' } ]
22 verbose get saving color-thief to /Users/johnamaloney/.meteor/packages/meteor-tool/.1.4.2_3.1jwoed2++os.osx.x86_64+web.browser+web.cordova/mt-os.osx.x86_64/dev_bundle/.npm/registry.npmjs.org/color-thief/.cache.json
23 verbose correctMkdir /Users/johnamaloney/.meteor/packages/meteor-tool/.1.4.2_3.1jwoed2++os.osx.x86_64+web.browser+web.cordova/mt-os.osx.x86_64/dev_bundle/.npm correctMkdir not in flight; initializing
24 silly install normalizeTree
25 silly loadCurrentTree Finishing
26 silly loadIdealTree Starting
27 silly install loadIdealTree
28 silly cloneCurrentTree Starting
29 silly install cloneCurrentTreeToIdealTree
30 silly cloneCurrentTree Finishing
31 silly loadShrinkwrap Starting
32 silly install loadShrinkwrap
33 silly loadShrinkwrap Finishing
34 silly loadAllDepsIntoIdealTree Starting
35 silly install loadAllDepsIntoIdealTree
36 silly resolveWithNewModule color-thief@2.2.2 checking installable status
37 silly cache add args [ 'color-thief', null ]
38 verbose cache add spec color-thief
39 silly cache add parsed spec Result {
39 silly cache add   raw: 'color-thief',
39 silly cache add   scope: null,
39 silly cache add   escapedName: 'color-thief',
39 silly cache add   name: 'color-thief',
39 silly cache add   rawSpec: '',
39 silly cache add   spec: 'latest',
39 silly cache add   type: 'tag' }
40 silly addNamed color-thief@latest
41 verbose addNamed "latest" is being treated as a dist-tag for color-thief
42 info addNameTag [ 'color-thief', 'latest' ]
43 silly mapToRegistry name color-thief
44 silly mapToRegistry using default registry
45 silly mapToRegistry registry https://registry.npmjs.org/
46 silly mapToRegistry data Result {
46 silly mapToRegistry   raw: 'color-thief',
46 silly mapToRegistry   scope: null,
46 silly mapToRegistry   escapedName: 'color-thief',
46 silly mapToRegistry   name: 'color-thief',
46 silly mapToRegistry   rawSpec: '',
46 silly mapToRegistry   spec: 'latest',
46 silly mapToRegistry   type: 'tag' }
47 silly mapToRegistry uri https://registry.npmjs.org/color-thief
48 verbose addNameTag registry:https://registry.npmjs.org/color-thief not in flight; fetching
49 verbose get https://registry.npmjs.org/color-thief not expired, no request
50 silly addNameTag next cb for color-thief with tag latest
51 silly addNamed color-thief@2.2.2
52 verbose addNamed "2.2.2" is a plain semver version for color-thief
53 silly mapToRegistry name color-thief
54 silly mapToRegistry using default registry
55 silly mapToRegistry registry https://registry.npmjs.org/
56 silly mapToRegistry data Result {
56 silly mapToRegistry   raw: 'color-thief',
56 silly mapToRegistry   scope: null,
56 silly mapToRegistry   escapedName: 'color-thief',
56 silly mapToRegistry   name: 'color-thief',
56 silly mapToRegistry   rawSpec: '',
56 silly mapToRegistry   spec: 'latest',
56 silly mapToRegistry   type: 'tag' }
57 silly mapToRegistry uri https://registry.npmjs.org/color-thief
58 verbose addRemoteTarball https://registry.npmjs.org/color-thief/-/color-thief-2.2.2.tgz not in flight; adding
59 verbose addRemoteTarball [ 'https://registry.npmjs.org/color-thief/-/color-thief-2.2.2.tgz',
59 verbose addRemoteTarball   '775e99a50f195b198f844b94b3f6c38deb1ca424' ]
60 info retry fetch attempt 1 at 11:14:15 PM
61 info attempt registry request try #1 at 11:14:15 PM
62 http fetch GET https://registry.npmjs.org/color-thief/-/color-thief-2.2.2.tgz
63 http fetch 200 https://registry.npmjs.org/color-thief/-/color-thief-2.2.2.tgz
64 silly fetchAndShaCheck shasum 775e99a50f195b198f844b94b3f6c38deb1ca424
65 verbose addTmpTarball /var/folders/mr/7l29pp6s5cs32mn9vtg0qn9h0000gn/T/npm-37911-6e027bf8/registry.npmjs.org/color-thief/-/color-thief-2.2.2.tgz not in flight; adding
66 verbose addTmpTarball already have metadata; skipping unpack for color-thief@2.2.2
67 verbose correctMkdir /Users/johnamaloney/.meteor/packages/meteor-tool/.1.4.2_3.1jwoed2++os.osx.x86_64+web.browser+web.cordova/mt-os.osx.x86_64/dev_bundle/.npm correctMkdir not in flight; initializing
68 silly cache afterAdd color-thief@2.2.2
69 verbose afterAdd /Users/johnamaloney/.meteor/packages/meteor-tool/.1.4.2_3.1jwoed2++os.osx.x86_64+web.browser+web.cordova/mt-os.osx.x86_64/dev_bundle/.npm/color-thief/2.2.2/package/package.json not in flight; writing
70 verbose correctMkdir /Users/johnamaloney/.meteor/packages/meteor-tool/.1.4.2_3.1jwoed2++os.osx.x86_64+web.browser+web.cordova/mt-os.osx.x86_64/dev_bundle/.npm correctMkdir not in flight; initializing
71 verbose afterAdd /Users/johnamaloney/.meteor/packages/meteor-tool/.1.4.2_3.1jwoed2++os.osx.x86_64+web.browser+web.cordova/mt-os.osx.x86_64/dev_bundle/.npm/color-thief/2.2.2/package/package.json written
72 silly fetchNamedPackageData canvas
73 silly mapToRegistry name canvas
74 silly mapToRegistry using default registry
75 silly mapToRegistry registry https://registry.npmjs.org/
76 silly mapToRegistry data Result {
76 silly mapToRegistry   raw: 'canvas',
76 silly mapToRegistry   scope: null,
76 silly mapToRegistry   escapedName: 'canvas',
76 silly mapToRegistry   name: 'canvas',
76 silly mapToRegistry   rawSpec: '',
76 silly mapToRegistry   spec: 'latest',
76 silly mapToRegistry   type: 'tag' }
77 silly mapToRegistry uri https://registry.npmjs.org/canvas
78 verbose request uri https://registry.npmjs.org/canvas
79 verbose request no auth needed
80 info attempt registry request try #1 at 11:14:16 PM
81 http request GET https://registry.npmjs.org/canvas
82 http 200 https://registry.npmjs.org/canvas
83 verbose headers { server: 'nginx/1.10.1',
83 verbose headers   'content-type': 'application/json',
83 verbose headers   'last-modified': 'Tue, 31 Jan 2017 03:29:18 GMT',
83 verbose headers   etag: 'W/"5890048e-1e4c3"',
83 verbose headers   'content-encoding': 'gzip',
83 verbose headers   'cache-control': 'max-age=300',
83 verbose headers   'content-length': '14888',
83 verbose headers   'accept-ranges': 'bytes',
83 verbose headers   date: 'Thu, 02 Feb 2017 05:14:16 GMT',
83 verbose headers   via: '1.1 varnish',
83 verbose headers   age: '0',
83 verbose headers   connection: 'keep-alive',
83 verbose headers   'x-served-by': 'cache-ord1735-ORD',
83 verbose headers   'x-cache': 'HIT',
83 verbose headers   'x-cache-hits': '1',
83 verbose headers   'x-timer': 'S1486012456.167948,VS0,VE20',
83 verbose headers   vary: 'Accept-Encoding' }
84 silly get cb [ 200,
84 silly get   { server: 'nginx/1.10.1',
84 silly get     'content-type': 'application/json',
84 silly get     'last-modified': 'Tue, 31 Jan 2017 03:29:18 GMT',
84 silly get     etag: 'W/"5890048e-1e4c3"',
84 silly get     'content-encoding': 'gzip',
84 silly get     'cache-control': 'max-age=300',
84 silly get     'content-length': '14888',
84 silly get     'accept-ranges': 'bytes',
84 silly get     date: 'Thu, 02 Feb 2017 05:14:16 GMT',
84 silly get     via: '1.1 varnish',
84 silly get     age: '0',
84 silly get     connection: 'keep-alive',
84 silly get     'x-served-by': 'cache-ord1735-ORD',
84 silly get     'x-cache': 'HIT',
84 silly get     'x-cache-hits': '1',
84 silly get     'x-timer': 'S1486012456.167948,VS0,VE20',
84 silly get     vary: 'Accept-Encoding' } ]
85 verbose get saving canvas to /Users/johnamaloney/.meteor/packages/meteor-tool/.1.4.2_3.1jwoed2++os.osx.x86_64+web.browser+web.cordova/mt-os.osx.x86_64/dev_bundle/.npm/registry.npmjs.org/canvas/.cache.json
86 verbose correctMkdir /Users/johnamaloney/.meteor/packages/meteor-tool/.1.4.2_3.1jwoed2++os.osx.x86_64+web.browser+web.cordova/mt-os.osx.x86_64/dev_bundle/.npm correctMkdir not in flight; initializing
87 silly resolveWithNewModule canvas@1.2.11 checking installable status
88 silly cache add args [ 'canvas@~1.2.0', null ]
89 verbose cache add spec canvas@~1.2.0
90 silly cache add parsed spec Result {
90 silly cache add   raw: 'canvas@~1.2.0',
90 silly cache add   scope: null,
90 silly cache add   escapedName: 'canvas',
90 silly cache add   name: 'canvas',
90 silly cache add   rawSpec: '~1.2.0',
90 silly cache add   spec: '>=1.2.0 <1.3.0',
90 silly cache add   type: 'range' }
91 silly addNamed canvas@>=1.2.0 <1.3.0
92 verbose addNamed ">=1.2.0 <1.3.0" is a valid semver range for canvas
93 silly addNameRange { name: 'canvas', range: '>=1.2.0 <1.3.0', hasData: false }
94 silly mapToRegistry name canvas
95 silly mapToRegistry using default registry
96 silly mapToRegistry registry https://registry.npmjs.org/
97 silly mapToRegistry data Result {
97 silly mapToRegistry   raw: 'canvas',
97 silly mapToRegistry   scope: null,
97 silly mapToRegistry   escapedName: 'canvas',
97 silly mapToRegistry   name: 'canvas',
97 silly mapToRegistry   rawSpec: '',
97 silly mapToRegistry   spec: 'latest',
97 silly mapToRegistry   type: 'tag' }
98 silly mapToRegistry uri https://registry.npmjs.org/canvas
99 verbose addNameRange registry:https://registry.npmjs.org/canvas not in flight; fetching
100 verbose get https://registry.npmjs.org/canvas not expired, no request
101 silly addNameRange number 2 { name: 'canvas', range: '>=1.2.0 <1.3.0', hasData: true }
102 silly addNameRange versions [ 'canvas',
102 silly addNameRange   [ '0.0.1',
102 silly addNameRange     '0.0.2',
102 silly addNameRange     '0.0.3',
102 silly addNameRange     '0.0.4',
102 silly addNameRange     '0.0.5',
102 silly addNameRange     '0.0.6',
102 silly addNameRange     '0.0.7',
102 silly addNameRange     '0.0.8',
102 silly addNameRange     '0.1.0',
102 silly addNameRange     '0.2.0',
102 silly addNameRange     '0.2.1',
102 silly addNameRange     '0.3.0',
102 silly addNameRange     '0.3.1',
102 silly addNameRange     '0.3.2',
102 silly addNameRange     '0.3.3',
102 silly addNameRange     '0.4.0',
102 silly addNameRange     '0.4.1',
102 silly addNameRange     '0.4.2',
102 silly addNameRange     '0.4.3',
102 silly addNameRange     '0.5.0',
102 silly addNameRange     '0.5.1',
102 silly addNameRange     '0.5.2',
102 silly addNameRange     '0.5.3',
102 silly addNameRange     '0.5.4',
102 silly addNameRange     '0.6.0',
102 silly addNameRange     '0.7.0',
102 silly addNameRange     '0.7.1',
102 silly addNameRange     '0.7.2',
102 silly addNameRange     '0.7.3',
102 silly addNameRange     '0.8.0',
102 silly addNameRange     '0.8.1',
102 silly addNameRange     '0.8.2',
102 silly addNameRange     '0.8.3',
102 silly addNameRange     '0.9.0',
102 silly addNameRange     '0.10.0',
102 silly addNameRange     '0.10.1',
102 silly addNameRange     '0.10.2',
102 silly addNameRange     '0.10.3',
102 silly addNameRange     '0.11.0',
102 silly addNameRange     '0.11.1',
102 silly addNameRange     '0.11.2',
102 silly addNameRange     '0.11.3',
102 silly addNameRange     '0.12.0',
102 silly addNameRange     '0.12.1',
102 silly addNameRange     '0.13.0',
102 silly addNameRange     '0.13.1',
102 silly addNameRange     '1.0.0',
102 silly addNameRange     '1.0.1',
102 silly addNameRange     '1.0.2',
102 silly addNameRange     '1.0.3',
102 silly addNameRange     '1.0.4',
102 silly addNameRange     '1.1.0',
102 silly addNameRange     '1.1.1',
102 silly addNameRange     '1.1.2',
102 silly addNameRange     '1.1.3',
102 silly addNameRange     '1.1.4',
102 silly addNameRange     '1.1.5',
102 silly addNameRange     '1.1.6',
102 silly addNameRange     '1.2.0',
102 silly addNameRange     '1.2.1',
102 silly addNameRange     '1.2.2',
102 silly addNameRange     '1.2.3',
102 silly addNameRange     '1.2.4',
102 silly addNameRange     '1.2.5',
102 silly addNameRange     '1.2.6',
102 silly addNameRange     '1.2.7',
102 silly addNameRange     '1.2.8',
102 silly addNameRange     '1.2.9',
102 silly addNameRange     '1.2.10',
102 silly addNameRange     '1.2.11',
102 silly addNameRange     '1.3.0',
102 silly addNameRange     '1.3.1',
102 silly addNameRange     '1.3.2',
102 silly addNameRange     '1.3.3',
102 silly addNameRange     '1.3.4',
102 silly addNameRange     '1.3.5',
102 silly addNameRange     '1.3.6',
102 silly addNameRange     '1.3.7',
102 silly addNameRange     '1.3.8',
102 silly addNameRange     '1.3.9',
102 silly addNameRange     '1.3.10',
102 silly addNameRange     '1.3.11',
102 silly addNameRange     '1.3.12',
102 silly addNameRange     '1.3.13',
102 silly addNameRange     '1.3.14',
102 silly addNameRange     '1.3.15',
102 silly addNameRange     '1.3.16',
102 silly addNameRange     '1.4.0',
102 silly addNameRange     '1.5.0',
102 silly addNameRange     '1.6.0',
102 silly addNameRange     '1.6.1',
102 silly addNameRange     '1.6.2' ] ]
103 silly addNamed canvas@1.2.11
104 verbose addNamed "1.2.11" is a plain semver version for canvas
105 silly mapToRegistry name canvas
106 silly mapToRegistry using default registry
107 silly mapToRegistry registry https://registry.npmjs.org/
108 silly mapToRegistry data Result {
108 silly mapToRegistry   raw: 'canvas',
108 silly mapToRegistry   scope: null,
108 silly mapToRegistry   escapedName: 'canvas',
108 silly mapToRegistry   name: 'canvas',
108 silly mapToRegistry   rawSpec: '',
108 silly mapToRegistry   spec: 'latest',
108 silly mapToRegistry   type: 'tag' }
109 silly mapToRegistry uri https://registry.npmjs.org/canvas
110 verbose addRemoteTarball https://registry.npmjs.org/canvas/-/canvas-1.2.11.tgz not in flight; adding
111 verbose addRemoteTarball [ 'https://registry.npmjs.org/canvas/-/canvas-1.2.11.tgz',
111 verbose addRemoteTarball   'd12455864df5169c2a2be602fa8e0e4013a97140' ]
112 info retry fetch attempt 1 at 11:14:16 PM
113 info attempt registry request try #1 at 11:14:16 PM
114 http fetch GET https://registry.npmjs.org/canvas/-/canvas-1.2.11.tgz
115 http fetch 200 https://registry.npmjs.org/canvas/-/canvas-1.2.11.tgz
116 silly fetchAndShaCheck shasum d12455864df5169c2a2be602fa8e0e4013a97140
117 verbose addTmpTarball /var/folders/mr/7l29pp6s5cs32mn9vtg0qn9h0000gn/T/npm-37911-6e027bf8/registry.npmjs.org/canvas/-/canvas-1.2.11.tgz not in flight; adding
118 verbose addTmpTarball already have metadata; skipping unpack for canvas@1.2.11
119 verbose correctMkdir /Users/johnamaloney/.meteor/packages/meteor-tool/.1.4.2_3.1jwoed2++os.osx.x86_64+web.browser+web.cordova/mt-os.osx.x86_64/dev_bundle/.npm correctMkdir not in flight; initializing
120 silly cache afterAdd canvas@1.2.11
121 verbose afterAdd /Users/johnamaloney/.meteor/packages/meteor-tool/.1.4.2_3.1jwoed2++os.osx.x86_64+web.browser+web.cordova/mt-os.osx.x86_64/dev_bundle/.npm/canvas/1.2.11/package/package.json not in flight; writing
122 verbose correctMkdir /Users/johnamaloney/.meteor/packages/meteor-tool/.1.4.2_3.1jwoed2++os.osx.x86_64+web.browser+web.cordova/mt-os.osx.x86_64/dev_bundle/.npm correctMkdir not in flight; initializing
123 verbose afterAdd /Users/johnamaloney/.meteor/packages/meteor-tool/.1.4.2_3.1jwoed2++os.osx.x86_64+web.browser+web.cordova/mt-os.osx.x86_64/dev_bundle/.npm/canvas/1.2.11/package/package.json written
124 silly loadAllDepsIntoIdealTree Finishing
125 silly loadIdealTree Finishing
126 silly currentTree project-uqbar@
126 silly currentTree ├── ansi-regex@2.0.0
126 silly currentTree ├── ansi-styles@2.2.1
126 silly currentTree ├── asap@2.0.5
126 silly currentTree ├─┬ auth0-js@7.5.0
126 silly currentTree │ └── jsonp@0.0.4
126 silly currentTree ├─┬ auth0-lock@10.7.2
126 silly currentTree │ ├── fbjs@0.3.2
126 silly currentTree │ └── whatwg-fetch@0.9.0
126 silly currentTree ├── babel-code-frame@6.16.0
126 silly currentTree ├── babel-helper-bindify-decorators@6.18.0
126 silly currentTree ├── babel-helper-builder-binary-assignment-operator-visitor@6.18.0
126 silly currentTree ├── babel-helper-define-map@6.18.0
126 silly currentTree ├── babel-helper-explode-assignable-expression@6.18.0
126 silly currentTree ├── babel-helper-explode-class@6.18.0
126 silly currentTree ├── babel-helper-function-name@6.18.0
126 silly currentTree ├── babel-helper-get-function-arity@6.18.0
126 silly currentTree ├── babel-helper-remap-async-to-generator@6.18.0
126 silly currentTree ├── babel-messages@6.8.0
126 silly currentTree ├── babel-plugin-syntax-async-functions@6.13.0
126 silly currentTree ├── babel-plugin-syntax-async-generators@6.13.0
126 silly currentTree ├── babel-plugin-syntax-class-constructor-call@6.18.0
126 silly currentTree ├── babel-plugin-syntax-class-properties@6.13.0
126 silly currentTree ├── babel-plugin-syntax-decorators@6.13.0
126 silly currentTree ├── babel-plugin-syntax-do-expressions@6.13.0
126 silly currentTree ├── babel-plugin-syntax-dynamic-import@6.18.0
126 silly currentTree ├── babel-plugin-syntax-exponentiation-operator@6.13.0
126 silly currentTree ├── babel-plugin-syntax-export-extensions@6.13.0
126 silly currentTree ├── babel-plugin-syntax-function-bind@6.13.0
126 silly currentTree ├── babel-plugin-syntax-object-rest-spread@6.13.0
126 silly currentTree ├── babel-plugin-syntax-trailing-function-commas@6.13.0
126 silly currentTree ├── babel-plugin-transform-async-generator-functions@6.17.0
126 silly currentTree ├── babel-plugin-transform-async-to-generator@6.16.0
126 silly currentTree ├── babel-plugin-transform-class-constructor-call@6.18.0
126 silly currentTree ├── babel-plugin-transform-class-properties@6.19.0
126 silly currentTree ├── babel-plugin-transform-decorators@6.13.0
126 silly currentTree ├── babel-plugin-transform-do-expressions@6.8.0
126 silly currentTree ├── babel-plugin-transform-exponentiation-operator@6.8.0
126 silly currentTree ├── babel-plugin-transform-export-extensions@6.8.0
126 silly currentTree ├── babel-plugin-transform-function-bind@6.8.0
126 silly currentTree ├── babel-plugin-transform-object-rest-spread@6.19.0
126 silly currentTree ├── babel-preset-stage-0@6.16.0
126 silly currentTree ├── babel-preset-stage-1@6.16.0
126 silly currentTree ├── babel-preset-stage-2@6.18.0
126 silly currentTree ├── babel-preset-stage-3@6.17.0
126 silly currentTree ├─┬ babel-runtime@6.18.0
126 silly currentTree │ └── core-js@2.4.1
126 silly currentTree ├── babel-template@6.16.0
126 silly currentTree ├── babel-traverse@6.19.0
126 silly currentTree ├── babel-types@6.19.0
126 silly currentTree ├── babylon@6.14.1
126 silly currentTree ├── Base64@0.1.4
126 silly currentTree ├── bcrypt@0.8.7
126 silly currentTree ├── bindings@1.2.1
126 silly currentTree ├── blueimp-md5@2.3.1
126 silly currentTree ├── chalk@1.1.3
126 silly currentTree ├── core-js@1.2.7
126 silly currentTree ├── debug@2.3.3
126 silly currentTree ├─┬ draft-js@0.9.1
126 silly currentTree │ └── immutable@3.7.6
126 silly currentTree ├── encoding@0.1.12
126 silly currentTree ├── escape-string-regexp@1.0.5
126 silly currentTree ├── esutils@2.0.2
126 silly currentTree ├── fbjs@0.8.5
126 silly currentTree ├── globals@9.14.0
126 silly currentTree ├── has-ansi@2.0.0
126 silly currentTree ├── history@3.2.1
126 silly currentTree ├── hoist-non-react-statics@1.2.0
126 silly currentTree ├── iconv-lite@0.4.13
126 silly currentTree ├── immutable@3.8.1
126 silly currentTree ├── invariant@2.2.1
126 silly currentTree ├── is-stream@1.1.0
126 silly currentTree ├── isomorphic-fetch@2.2.1
126 silly currentTree ├── js-tokens@2.0.0
126 silly currentTree ├── json-fallback@0.0.1
126 silly currentTree ├── jsonp@0.2.1
126 silly currentTree ├── lodash-es@4.17.2
126 silly currentTree ├── lodash@4.17.2
126 silly currentTree ├── loose-envify@1.3.0
126 silly currentTree ├─┬ meteor-node-stubs@0.2.3
126 silly currentTree │ ├── assert@1.3.0
126 silly currentTree │ ├─┬ browserify-zlib@0.1.4
126 silly currentTree │ │ └── pako@0.2.8
126 silly currentTree │ ├─┬ buffer@4.5.1
126 silly currentTree │ │ ├── base64-js@1.1.2
126 silly currentTree │ │ ├── ieee754@1.1.6
126 silly currentTree │ │ └── isarray@1.0.0
126 silly currentTree │ ├─┬ console-browserify@1.1.0
126 silly currentTree │ │ └── date-now@0.1.4
126 silly currentTree │ ├── constants-browserify@1.0.0
126 silly currentTree │ ├─┬ crypto-browserify@3.11.0
126 silly currentTree │ │ ├─┬ browserify-cipher@1.0.0
126 silly currentTree │ │ │ ├─┬ browserify-aes@1.0.6
126 silly currentTree │ │ │ │ ├── buffer-xor@1.0.3
126 silly currentTree │ │ │ │ └── cipher-base@1.0.2
126 silly currentTree │ │ │ ├─┬ browserify-des@1.0.0
126 silly currentTree │ │ │ │ ├── cipher-base@1.0.2
126 silly currentTree │ │ │ │ └─┬ des.js@1.0.0
126 silly currentTree │ │ │ │   └── minimalistic-assert@1.0.0
126 silly currentTree │ │ │ └── evp_bytestokey@1.0.0
126 silly currentTree │ │ ├─┬ browserify-sign@4.0.0
126 silly currentTree │ │ │ ├── bn.js@4.11.1
126 silly currentTree │ │ │ ├── browserify-rsa@4.0.1
126 silly currentTree │ │ │ ├─┬ elliptic@6.2.3
126 silly currentTree │ │ │ │ ├── brorand@1.0.5
126 silly currentTree │ │ │ │ └── hash.js@1.0.3
126 silly currentTree │ │ │ └─┬ parse-asn1@5.0.0
126 silly currentTree │ │ │   ├─┬ asn1.js@4.5.2
126 silly currentTree │ │ │   │ └── minimalistic-assert@1.0.0
126 silly currentTree │ │ │   ├─┬ browserify-aes@1.0.6
126 silly currentTree │ │ │   │ ├── buffer-xor@1.0.3
126 silly currentTree │ │ │   │ └── cipher-base@1.0.2
126 silly currentTree │ │ │   └── evp_bytestokey@1.0.0
126 silly currentTree │ │ ├─┬ create-ecdh@4.0.0
126 silly currentTree │ │ │ ├── bn.js@4.11.1
126 silly currentTree │ │ │ └─┬ elliptic@6.2.3
126 silly currentTree │ │ │   ├── brorand@1.0.5
126 silly currentTree │ │ │   └── hash.js@1.0.3
126 silly currentTree │ │ ├─┬ create-hash@1.1.2
126 silly currentTree │ │ │ ├── cipher-base@1.0.2
126 silly currentTree │ │ │ ├── ripemd160@1.0.1
126 silly currentTree │ │ │ └── sha.js@2.4.5
126 silly currentTree │ │ ├── create-hmac@1.1.4
126 silly currentTree │ │ ├─┬ diffie-hellman@5.0.2
126 silly currentTree │ │ │ ├── bn.js@4.11.1
126 silly currentTree │ │ │ └─┬ miller-rabin@4.0.0
126 silly currentTree │ │ │   └── brorand@1.0.5
126 silly currentTree │ │ ├── inherits@2.0.1
126 silly currentTree │ │ ├── pbkdf2@3.0.4
126 silly currentTree │ │ ├─┬ public-encrypt@4.0.0
126 silly currentTree │ │ │ ├── bn.js@4.11.1
126 silly currentTree │ │ │ ├── browserify-rsa@4.0.1
126 silly currentTree │ │ │ └─┬ parse-asn1@5.0.0
126 silly currentTree │ │ │   ├─┬ asn1.js@4.5.2
126 silly currentTree │ │ │   │ └── minimalistic-assert@1.0.0
126 silly currentTree │ │ │   ├─┬ browserify-aes@1.0.6
126 silly currentTree │ │ │   │ ├── buffer-xor@1.0.3
126 silly currentTree │ │ │   │ └── cipher-base@1.0.2
126 silly currentTree │ │ │   └── evp_bytestokey@1.0.0
126 silly currentTree │ │ └── randombytes@2.0.3
126 silly currentTree │ ├── domain-browser@1.1.7
126 silly currentTree │ ├── events@1.1.0
126 silly currentTree │ ├─┬ http-browserify@1.7.0
126 silly currentTree │ │ ├── Base64@0.2.1
126 silly currentTree │ │ └── inherits@2.0.1
126 silly currentTree │ ├── https-browserify@0.0.1
126 silly currentTree │ ├── os-browserify@0.2.1
126 silly currentTree │ ├── path-browserify@0.0.0
126 silly currentTree │ ├── process@0.11.2
126 silly currentTree │ ├── punycode@1.4.1
126 silly currentTree │ ├── querystring-es3@0.2.1
126 silly currentTree │ ├─┬ readable-stream@2.0.6
126 silly currentTree │ │ ├── core-util-is@1.0.2
126 silly currentTree │ │ ├── inherits@2.0.1
126 silly currentTree │ │ ├── isarray@1.0.0
126 silly currentTree │ │ ├── process-nextick-args@1.0.6
126 silly currentTree │ │ └── util-deprecate@1.0.2
126 silly currentTree │ ├─┬ stream-browserify@2.0.1
126 silly currentTree │ │ └── inherits@2.0.1
126 silly currentTree │ ├── string_decoder@0.10.31
126 silly currentTree │ ├── timers-browserify@1.4.2
126 silly currentTree │ ├── tty-browserify@0.0.0
126 silly currentTree │ ├─┬ url@0.11.0
126 silly currentTree │ │ ├── punycode@1.3.2
126 silly currentTree │ │ └── querystring@0.2.0
126 silly currentTree │ ├─┬ util@0.10.3
126 silly currentTree │ │ └── inherits@2.0.1
126 silly currentTree │ └─┬ vm-browserify@0.0.4
126 silly currentTree │   └── indexof@0.0.1
126 silly currentTree ├── ms@0.7.2
126 silly currentTree ├── nan@2.3.5
126 silly currentTree ├── node-fetch@1.6.3
126 silly currentTree ├── numeral@2.0.1
126 silly currentTree ├── object-assign@4.1.0
126 silly currentTree ├── object-keys@0.4.0
126 silly currentTree ├── password-sheriff@1.0.1
126 silly currentTree ├── promise@7.1.1
126 silly currentTree ├── qs@6.3.0
126 silly currentTree ├── query-string@4.2.3
126 silly currentTree ├── react-addons-css-transition-group@15.4.1
126 silly currentTree ├── react-addons-pure-render-mixin@15.3.2
126 silly currentTree ├── react-dom@15.4.1
126 silly currentTree ├── react-loading@0.0.9
126 silly currentTree ├── react-redux@5.0.1
126 silly currentTree ├── react-router@3.0.0
126 silly currentTree ├── react@15.4.1
126 silly currentTree ├── redux@3.6.0
126 silly currentTree ├── regenerator-runtime@0.9.6
126 silly currentTree ├── reqwest@2.0.5
126 silly currentTree ├── strict-uri-encode@1.1.0
126 silly currentTree ├── strip-ansi@3.0.1
126 silly currentTree ├── supports-color@2.0.0
126 silly currentTree ├── symbol-observable@1.0.4
126 silly currentTree ├── to-fast-properties@1.0.2
126 silly currentTree ├── trim@0.0.1
126 silly currentTree ├── ua-parser-js@0.7.10
126 silly currentTree ├── underscore@1.8.3
126 silly currentTree ├── url-join@1.1.0
126 silly currentTree ├── warning@3.0.0
126 silly currentTree ├── whatwg-fetch@1.0.0
126 silly currentTree ├── winchan@0.1.4
126 silly currentTree ├── xhr2@0.1.3
126 silly currentTree └── xtend@2.1.2
127 silly idealTree project-uqbar@
127 silly idealTree ├── ansi-regex@2.0.0
127 silly idealTree ├── ansi-styles@2.2.1
127 silly idealTree ├── asap@2.0.5
127 silly idealTree ├─┬ auth0-js@7.5.0
127 silly idealTree │ └── jsonp@0.0.4
127 silly idealTree ├─┬ auth0-lock@10.7.2
127 silly idealTree │ ├── fbjs@0.3.2
127 silly idealTree │ └── whatwg-fetch@0.9.0
127 silly idealTree ├── babel-code-frame@6.16.0
127 silly idealTree ├── babel-helper-bindify-decorators@6.18.0
127 silly idealTree ├── babel-helper-builder-binary-assignment-operator-visitor@6.18.0
127 silly idealTree ├── babel-helper-define-map@6.18.0
127 silly idealTree ├── babel-helper-explode-assignable-expression@6.18.0
127 silly idealTree ├── babel-helper-explode-class@6.18.0
127 silly idealTree ├── babel-helper-function-name@6.18.0
127 silly idealTree ├── babel-helper-get-function-arity@6.18.0
127 silly idealTree ├── babel-helper-remap-async-to-generator@6.18.0
127 silly idealTree ├── babel-messages@6.8.0
127 silly idealTree ├── babel-plugin-syntax-async-functions@6.13.0
127 silly idealTree ├── babel-plugin-syntax-async-generators@6.13.0
127 silly idealTree ├── babel-plugin-syntax-class-constructor-call@6.18.0
127 silly idealTree ├── babel-plugin-syntax-class-properties@6.13.0
127 silly idealTree ├── babel-plugin-syntax-decorators@6.13.0
127 silly idealTree ├── babel-plugin-syntax-do-expressions@6.13.0
127 silly idealTree ├── babel-plugin-syntax-dynamic-import@6.18.0
127 silly idealTree ├── babel-plugin-syntax-exponentiation-operator@6.13.0
127 silly idealTree ├── babel-plugin-syntax-export-extensions@6.13.0
127 silly idealTree ├── babel-plugin-syntax-function-bind@6.13.0
127 silly idealTree ├── babel-plugin-syntax-object-rest-spread@6.13.0
127 silly idealTree ├── babel-plugin-syntax-trailing-function-commas@6.13.0
127 silly idealTree ├── babel-plugin-transform-async-generator-functions@6.17.0
127 silly idealTree ├── babel-plugin-transform-async-to-generator@6.16.0
127 silly idealTree ├── babel-plugin-transform-class-constructor-call@6.18.0
127 silly idealTree ├── babel-plugin-transform-class-properties@6.19.0
127 silly idealTree ├── babel-plugin-transform-decorators@6.13.0
127 silly idealTree ├── babel-plugin-transform-do-expressions@6.8.0
127 silly idealTree ├── babel-plugin-transform-exponentiation-operator@6.8.0
127 silly idealTree ├── babel-plugin-transform-export-extensions@6.8.0
127 silly idealTree ├── babel-plugin-transform-function-bind@6.8.0
127 silly idealTree ├── babel-plugin-transform-object-rest-spread@6.19.0
127 silly idealTree ├── babel-preset-stage-0@6.16.0
127 silly idealTree ├── babel-preset-stage-1@6.16.0
127 silly idealTree ├── babel-preset-stage-2@6.18.0
127 silly idealTree ├── babel-preset-stage-3@6.17.0
127 silly idealTree ├─┬ babel-runtime@6.18.0
127 silly idealTree │ └── core-js@2.4.1
127 silly idealTree ├── babel-template@6.16.0
127 silly idealTree ├── babel-traverse@6.19.0
127 silly idealTree ├── babel-types@6.19.0
127 silly idealTree ├── babylon@6.14.1
127 silly idealTree ├── Base64@0.1.4
127 silly idealTree ├── bcrypt@0.8.7
127 silly idealTree ├── bindings@1.2.1
127 silly idealTree ├── blueimp-md5@2.3.1
127 silly idealTree ├── canvas@1.2.11
127 silly idealTree ├── chalk@1.1.3
127 silly idealTree ├── color-thief@2.2.2
127 silly idealTree ├── core-js@1.2.7
127 silly idealTree ├── debug@2.3.3
127 silly idealTree ├─┬ draft-js@0.9.1
127 silly idealTree │ └── immutable@3.7.6
127 silly idealTree ├── encoding@0.1.12
127 silly idealTree ├── escape-string-regexp@1.0.5
127 silly idealTree ├── esutils@2.0.2
127 silly idealTree ├── fbjs@0.8.5
127 silly idealTree ├── globals@9.14.0
127 silly idealTree ├── has-ansi@2.0.0
127 silly idealTree ├── history@3.2.1
127 silly idealTree ├── hoist-non-react-statics@1.2.0
127 silly idealTree ├── iconv-lite@0.4.13
127 silly idealTree ├── immutable@3.8.1
127 silly idealTree ├── invariant@2.2.1
127 silly idealTree ├── is-stream@1.1.0
127 silly idealTree ├── isomorphic-fetch@2.2.1
127 silly idealTree ├── js-tokens@2.0.0
127 silly idealTree ├── json-fallback@0.0.1
127 silly idealTree ├── jsonp@0.2.1
127 silly idealTree ├── lodash-es@4.17.2
127 silly idealTree ├── lodash@4.17.2
127 silly idealTree ├── loose-envify@1.3.0
127 silly idealTree ├─┬ meteor-node-stubs@0.2.3
127 silly idealTree │ ├── assert@1.3.0
127 silly idealTree │ ├─┬ browserify-zlib@0.1.4
127 silly idealTree │ │ └── pako@0.2.8
127 silly idealTree │ ├─┬ buffer@4.5.1
127 silly idealTree │ │ ├── base64-js@1.1.2
127 silly idealTree │ │ ├── ieee754@1.1.6
127 silly idealTree │ │ └── isarray@1.0.0
127 silly idealTree │ ├─┬ console-browserify@1.1.0
127 silly idealTree │ │ └── date-now@0.1.4
127 silly idealTree │ ├── constants-browserify@1.0.0
127 silly idealTree │ ├─┬ crypto-browserify@3.11.0
127 silly idealTree │ │ ├─┬ browserify-cipher@1.0.0
127 silly idealTree │ │ │ ├─┬ browserify-aes@1.0.6
127 silly idealTree │ │ │ │ ├── buffer-xor@1.0.3
127 silly idealTree │ │ │ │ └── cipher-base@1.0.2
127 silly idealTree │ │ │ ├─┬ browserify-des@1.0.0
127 silly idealTree │ │ │ │ ├── cipher-base@1.0.2
127 silly idealTree │ │ │ │ └─┬ des.js@1.0.0
127 silly idealTree │ │ │ │   └── minimalistic-assert@1.0.0
127 silly idealTree │ │ │ └── evp_bytestokey@1.0.0
127 silly idealTree │ │ ├─┬ browserify-sign@4.0.0
127 silly idealTree │ │ │ ├── bn.js@4.11.1
127 silly idealTree │ │ │ ├── browserify-rsa@4.0.1
127 silly idealTree │ │ │ ├─┬ elliptic@6.2.3
127 silly idealTree │ │ │ │ ├── brorand@1.0.5
127 silly idealTree │ │ │ │ └── hash.js@1.0.3
127 silly idealTree │ │ │ └─┬ parse-asn1@5.0.0
127 silly idealTree │ │ │   ├─┬ asn1.js@4.5.2
127 silly idealTree │ │ │   │ └── minimalistic-assert@1.0.0
127 silly idealTree │ │ │   ├─┬ browserify-aes@1.0.6
127 silly idealTree │ │ │   │ ├── buffer-xor@1.0.3
127 silly idealTree │ │ │   │ └── cipher-base@1.0.2
127 silly idealTree │ │ │   └── evp_bytestokey@1.0.0
127 silly idealTree │ │ ├─┬ create-ecdh@4.0.0
127 silly idealTree │ │ │ ├── bn.js@4.11.1
127 silly idealTree │ │ │ └─┬ elliptic@6.2.3
127 silly idealTree │ │ │   ├── brorand@1.0.5
127 silly idealTree │ │ │   └── hash.js@1.0.3
127 silly idealTree │ │ ├─┬ create-hash@1.1.2
127 silly idealTree │ │ │ ├── cipher-base@1.0.2
127 silly idealTree │ │ │ ├── ripemd160@1.0.1
127 silly idealTree │ │ │ └── sha.js@2.4.5
127 silly idealTree │ │ ├── create-hmac@1.1.4
127 silly idealTree │ │ ├─┬ diffie-hellman@5.0.2
127 silly idealTree │ │ │ ├── bn.js@4.11.1
127 silly idealTree │ │ │ └─┬ miller-rabin@4.0.0
127 silly idealTree │ │ │   └── brorand@1.0.5
127 silly idealTree │ │ ├── inherits@2.0.1
127 silly idealTree │ │ ├── pbkdf2@3.0.4
127 silly idealTree │ │ ├─┬ public-encrypt@4.0.0
127 silly idealTree │ │ │ ├── bn.js@4.11.1
127 silly idealTree │ │ │ ├── browserify-rsa@4.0.1
127 silly idealTree │ │ │ └─┬ parse-asn1@5.0.0
127 silly idealTree │ │ │   ├─┬ asn1.js@4.5.2
127 silly idealTree │ │ │   │ └── minimalistic-assert@1.0.0
127 silly idealTree │ │ │   ├─┬ browserify-aes@1.0.6
127 silly idealTree │ │ │   │ ├── buffer-xor@1.0.3
127 silly idealTree │ │ │   │ └── cipher-base@1.0.2
127 silly idealTree │ │ │   └── evp_bytestokey@1.0.0
127 silly idealTree │ │ └── randombytes@2.0.3
127 silly idealTree │ ├── domain-browser@1.1.7
127 silly idealTree │ ├── events@1.1.0
127 silly idealTree │ ├─┬ http-browserify@1.7.0
127 silly idealTree │ │ ├── Base64@0.2.1
127 silly idealTree │ │ └── inherits@2.0.1
127 silly idealTree │ ├── https-browserify@0.0.1
127 silly idealTree │ ├── os-browserify@0.2.1
127 silly idealTree │ ├── path-browserify@0.0.0
127 silly idealTree │ ├── process@0.11.2
127 silly idealTree │ ├── punycode@1.4.1
127 silly idealTree │ ├── querystring-es3@0.2.1
127 silly idealTree │ ├─┬ readable-stream@2.0.6
127 silly idealTree │ │ ├── core-util-is@1.0.2
127 silly idealTree │ │ ├── inherits@2.0.1
127 silly idealTree │ │ ├── isarray@1.0.0
127 silly idealTree │ │ ├── process-nextick-args@1.0.6
127 silly idealTree │ │ └── util-deprecate@1.0.2
127 silly idealTree │ ├─┬ stream-browserify@2.0.1
127 silly idealTree │ │ └── inherits@2.0.1
127 silly idealTree │ ├── string_decoder@0.10.31
127 silly idealTree │ ├── timers-browserify@1.4.2
127 silly idealTree │ ├── tty-browserify@0.0.0
127 silly idealTree │ ├─┬ url@0.11.0
127 silly idealTree │ │ ├── punycode@1.3.2
127 silly idealTree │ │ └── querystring@0.2.0
127 silly idealTree │ ├─┬ util@0.10.3
127 silly idealTree │ │ └── inherits@2.0.1
127 silly idealTree │ └─┬ vm-browserify@0.0.4
127 silly idealTree │   └── indexof@0.0.1
127 silly idealTree ├── ms@0.7.2
127 silly idealTree ├── nan@2.3.5
127 silly idealTree ├── node-fetch@1.6.3
127 silly idealTree ├── numeral@2.0.1
127 silly idealTree ├── object-assign@4.1.0
127 silly idealTree ├── object-keys@0.4.0
127 silly idealTree ├── password-sheriff@1.0.1
127 silly idealTree ├── promise@7.1.1
127 silly idealTree ├── qs@6.3.0
127 silly idealTree ├── query-string@4.2.3
127 silly idealTree ├── react-addons-css-transition-group@15.4.1
127 silly idealTree ├── react-addons-pure-render-mixin@15.3.2
127 silly idealTree ├── react-dom@15.4.1
127 silly idealTree ├── react-loading@0.0.9
127 silly idealTree ├── react-redux@5.0.1
127 silly idealTree ├── react-router@3.0.0
127 silly idealTree ├── react@15.4.1
127 silly idealTree ├── redux@3.6.0
127 silly idealTree ├── regenerator-runtime@0.9.6
127 silly idealTree ├── reqwest@2.0.5
127 silly idealTree ├── strict-uri-encode@1.1.0
127 silly idealTree ├── strip-ansi@3.0.1
127 silly idealTree ├── supports-color@2.0.0
127 silly idealTree ├── symbol-observable@1.0.4
127 silly idealTree ├── to-fast-properties@1.0.2
127 silly idealTree ├── trim@0.0.1
127 silly idealTree ├── ua-parser-js@0.7.10
127 silly idealTree ├── underscore@1.8.3
127 silly idealTree ├── url-join@1.1.0
127 silly idealTree ├── warning@3.0.0
127 silly idealTree ├── whatwg-fetch@1.0.0
127 silly idealTree ├── winchan@0.1.4
127 silly idealTree ├── xhr2@0.1.3
127 silly idealTree └── xtend@2.1.2
128 silly generateActionsToTake Starting
129 silly install generateActionsToTake
130 silly generateActionsToTake Finishing
131 silly diffTrees action count 2
132 silly diffTrees add canvas@1.2.11
133 silly diffTrees add color-thief@2.2.2
134 silly decomposeActions action count 16
135 silly decomposeActions fetch canvas@1.2.11
136 silly decomposeActions extract canvas@1.2.11
137 silly decomposeActions test canvas@1.2.11
138 silly decomposeActions preinstall canvas@1.2.11
139 silly decomposeActions build canvas@1.2.11
140 silly decomposeActions install canvas@1.2.11
141 silly decomposeActions postinstall canvas@1.2.11
142 silly decomposeActions finalize canvas@1.2.11
143 silly decomposeActions fetch color-thief@2.2.2
144 silly decomposeActions extract color-thief@2.2.2
145 silly decomposeActions test color-thief@2.2.2
146 silly decomposeActions preinstall color-thief@2.2.2
147 silly decomposeActions build color-thief@2.2.2
148 silly decomposeActions install color-thief@2.2.2
149 silly decomposeActions postinstall color-thief@2.2.2
150 silly decomposeActions finalize color-thief@2.2.2
151 silly runTopLevelLifecycles Starting
152 silly executeActions Starting
153 silly install executeActions
154 silly doSerial global-install 0
155 silly doParallel fetch 2
156 verbose correctMkdir /Users/johnamaloney/.meteor/packages/meteor-tool/.1.4.2_3.1jwoed2++os.osx.x86_64+web.browser+web.cordova/mt-os.osx.x86_64/dev_bundle/.npm/_locks correctMkdir not in flight; initializing
157 verbose lock using /Users/johnamaloney/.meteor/packages/meteor-tool/.1.4.2_3.1jwoed2++os.osx.x86_64+web.browser+web.cordova/mt-os.osx.x86_64/dev_bundle/.npm/_locks/staging-cca3343b3d460085.lock for /Users/johnamaloney/project-uqbar/node_modules/.staging
158 silly doParallel extract 2
159 silly extract canvas@1.2.11
160 silly extract color-thief@2.2.2
161 verbose unbuild node_modules/.staging/canvas-01777bb8
162 verbose unbuild node_modules/.staging/color-thief-cb1b38e0
163 silly gentlyRm /Users/johnamaloney/project-uqbar/node_modules/.staging/canvas-01777bb8 is being purged from base /Users/johnamaloney/project-uqbar
164 verbose gentlyRm don't care about contents; nuking /Users/johnamaloney/project-uqbar/node_modules/.staging/canvas-01777bb8
165 silly gentlyRm /Users/johnamaloney/project-uqbar/node_modules/.staging/color-thief-cb1b38e0 is being purged from base /Users/johnamaloney/project-uqbar
166 verbose gentlyRm don't care about contents; nuking /Users/johnamaloney/project-uqbar/node_modules/.staging/color-thief-cb1b38e0
167 verbose tar unpack /Users/johnamaloney/.meteor/packages/meteor-tool/.1.4.2_3.1jwoed2++os.osx.x86_64+web.browser+web.cordova/mt-os.osx.x86_64/dev_bundle/.npm/canvas/1.2.11/package.tgz
168 verbose tar unpacking to /Users/johnamaloney/project-uqbar/node_modules/.staging/canvas-01777bb8
169 silly gentlyRm /Users/johnamaloney/project-uqbar/node_modules/.staging/canvas-01777bb8 is being purged
170 verbose gentlyRm don't care about contents; nuking /Users/johnamaloney/project-uqbar/node_modules/.staging/canvas-01777bb8
171 verbose tar unpack /Users/johnamaloney/.meteor/packages/meteor-tool/.1.4.2_3.1jwoed2++os.osx.x86_64+web.browser+web.cordova/mt-os.osx.x86_64/dev_bundle/.npm/color-thief/2.2.2/package.tgz
172 verbose tar unpacking to /Users/johnamaloney/project-uqbar/node_modules/.staging/color-thief-cb1b38e0
173 silly gentlyRm /Users/johnamaloney/project-uqbar/node_modules/.staging/color-thief-cb1b38e0 is being purged
174 verbose gentlyRm don't care about contents; nuking /Users/johnamaloney/project-uqbar/node_modules/.staging/color-thief-cb1b38e0
175 silly gunzTarPerm modes [ '755', '644' ]
176 silly gunzTarPerm modes [ '755', '644' ]
177 silly gunzTarPerm extractEntry package.json
178 silly gunzTarPerm extractEntry package.json
179 silly gunzTarPerm extractEntry .npmignore
180 silly gunzTarPerm extractEntry index.js
181 silly gunzTarPerm extractEntry .npmignore
182 silly gunzTarPerm extractEntry demo.js
183 silly gunzTarPerm extractEntry History.md
184 silly gunzTarPerm extractEntry Readme.md
185 silly gunzTarPerm extractEntry binding.gyp
186 silly gunzTarPerm extractEntry .gitmodules
187 silly gunzTarPerm extractEntry install
188 silly gunzTarPerm extractEntry lib/bindings.js
189 silly gunzTarPerm extractEntry lib/canvas.js
190 silly gunzTarPerm extractEntry lib/context2d.js
191 silly gunzTarPerm extractEntry lib/image.js
192 silly gunzTarPerm extractEntry lib/jpegstream.js
193 silly gunzTarPerm extractEntry lib/pngstream.js
194 silly gunzTarPerm extractEntry .travis.yml
195 silly gunzTarPerm extractEntry src/Image.cc
196 silly gunzTarPerm extractEntry src/Canvas.cc
197 silly gunzTarPerm extractEntry src/CanvasGradient.cc
198 silly gunzTarPerm extractEntry src/CanvasGradient.h
199 silly gunzTarPerm extractEntry src/CanvasPattern.cc
200 silly gunzTarPerm extractEntry src/CanvasPattern.h
201 silly gunzTarPerm extractEntry src/CanvasRenderingContext2d.cc
202 silly gunzTarPerm extractEntry src/CanvasRenderingContext2d.h
203 silly gunzTarPerm extractEntry src/FontFace.cc
204 silly gunzTarPerm extractEntry src/FontFace.h
205 silly gunzTarPerm extractEntry src/Canvas.h
206 silly gunzTarPerm extractEntry src/Image.h
207 silly gunzTarPerm extractEntry src/ImageData.cc
208 silly gunzTarPerm extractEntry src/ImageData.h
209 silly gunzTarPerm extractEntry src/JPEGStream.h
210 silly gunzTarPerm extractEntry src/PNG.h
211 silly gunzTarPerm extractEntry src/Point.h
212 silly gunzTarPerm extractEntry src/closure.h
213 silly gunzTarPerm extractEntry src/color.cc
214 silly gunzTarPerm extractEntry src/color.h
215 silly gunzTarPerm extractEntry src/init.cc
216 silly gunzTarPerm extractEntry util/cairo_include.sh
217 silly gunzTarPerm extractEntry util/has_cairo_freetype.sh
218 silly gunzTarPerm extractEntry util/has_lib.sh
219 silly gunzTarPerm extractEntry util/lib_lookup.sh
220 silly gunzTarPerm extractEntry node-demo.js
221 silly gunzTarPerm extractEntry test/color-thief-test.js
222 silly gunzTarPerm extractEntry img/dark_checkered_bg.png
223 silly gunzTarPerm extractEntry img/drag_placeholder.png
224 silly gunzTarPerm extractEntry img/photo1.jpg
225 silly gunzTarPerm extractEntry img/photo2.jpg
226 silly gunzTarPerm extractEntry img/photo3.jpg
227 silly gunzTarPerm extractEntry README.markdown
228 silly gunzTarPerm extractEntry js/color-thief.js
229 silly gunzTarPerm extractEntry js/libs/jquery-2.0.2.min.js
230 silly gunzTarPerm extractEntry js/libs/jquery.lettering.js
231 silly gunzTarPerm extractEntry js/libs/modernizr.custom.js
232 silly gunzTarPerm extractEntry js/libs/mustache.js
233 silly gunzTarPerm extractEntry component.json
234 silly gunzTarPerm extractEntry css/app.css
235 silly gunzTarPerm extractEntry sass/app.sass
236 silly gunzTarPerm extractEntry index.html
237 silly gentlyRm /Users/johnamaloney/project-uqbar/node_modules/.staging/color-thief-cb1b38e0/node_modules is being purged
238 verbose gentlyRm don't care about contents; nuking /Users/johnamaloney/project-uqbar/node_modules/.staging/color-thief-cb1b38e0/node_modules
239 silly gentlyRm /Users/johnamaloney/project-uqbar/node_modules/.staging/canvas-01777bb8/node_modules is being purged
240 verbose gentlyRm don't care about contents; nuking /Users/johnamaloney/project-uqbar/node_modules/.staging/canvas-01777bb8/node_modules
241 silly doParallel preinstall 2
242 silly preinstall canvas@1.2.11 /Users/johnamaloney/project-uqbar/node_modules/.staging/canvas-01777bb8
243 info lifecycle canvas@1.2.11~preinstall: canvas@1.2.11
244 silly preinstall color-thief@2.2.2 /Users/johnamaloney/project-uqbar/node_modules/.staging/color-thief-cb1b38e0
245 info lifecycle color-thief@2.2.2~preinstall: color-thief@2.2.2
246 silly lifecycle canvas@1.2.11~preinstall: no script for preinstall, continuing
247 silly lifecycle color-thief@2.2.2~preinstall: no script for preinstall, continuing
248 silly doReverseSerial remove 0
249 silly doSerial move 0
250 silly doSerial finalize 2
251 silly finalize /Users/johnamaloney/project-uqbar/node_modules/canvas
252 silly finalize /Users/johnamaloney/project-uqbar/node_modules/color-thief
253 silly doSerial build 2
254 silly build canvas@1.2.11
255 info linkStuff canvas@1.2.11
256 silly linkStuff canvas@1.2.11 has /Users/johnamaloney/project-uqbar/node_modules as its parent node_modules
257 verbose linkBins canvas@1.2.11
258 verbose linkMans canvas@1.2.11
259 silly build color-thief@2.2.2
260 info linkStuff color-thief@2.2.2
261 silly linkStuff color-thief@2.2.2 has /Users/johnamaloney/project-uqbar/node_modules as its parent node_modules
262 verbose linkBins color-thief@2.2.2
263 verbose linkMans color-thief@2.2.2
264 silly doSerial global-link 0
265 silly doParallel update-linked 0
266 silly doSerial install 2
267 silly install canvas@1.2.11 /Users/johnamaloney/project-uqbar/node_modules/.staging/canvas-01777bb8
268 info lifecycle canvas@1.2.11~install: canvas@1.2.11
269 verbose lifecycle canvas@1.2.11~install: unsafe-perm in lifecycle true
270 verbose lifecycle canvas@1.2.11~install: PATH: /Users/johnamaloney/.meteor/packages/meteor-tool/.1.4.2_3.1jwoed2++os.osx.x86_64+web.browser+web.cordova/mt-os.osx.x86_64/dev_bundle/lib/node_modules/npm/bin/node-gyp-bin:/Users/johnamaloney/project-uqbar/node_modules/canvas/node_modules/.bin:/Users/johnamaloney/project-uqbar/node_modules/.bin:/Users/johnamaloney/.meteor/packages/meteor-tool/.1.4.2_3.1jwoed2++os.osx.x86_64+web.browser+web.cordova/mt-os.osx.x86_64/dev_bundle/bin:/Users/johnamaloney/.meteor/packages/meteor-tool/.1.4.2_3.1jwoed2++os.osx.x86_64+web.browser+web.cordova/mt-os.osx.x86_64/dev_bundle/lib/node_modules/.bin:/usr/local/bin:/usr/bin:/bin:/usr/sbin:/sbin:/opt/X11/bin:/usr/local/git/bin
271 verbose lifecycle canvas@1.2.11~install: CWD: /Users/johnamaloney/project-uqbar/node_modules/canvas
272 silly lifecycle canvas@1.2.11~install: Args: [ '-c', 'node-gyp rebuild' ]
273 silly lifecycle canvas@1.2.11~install: Returned: code: 1  signal: null
274 info lifecycle canvas@1.2.11~install: Failed to exec install script
275 verbose unlock done using /Users/johnamaloney/.meteor/packages/meteor-tool/.1.4.2_3.1jwoed2++os.osx.x86_64+web.browser+web.cordova/mt-os.osx.x86_64/dev_bundle/.npm/_locks/staging-cca3343b3d460085.lock for /Users/johnamaloney/project-uqbar/node_modules/.staging
276 silly rollbackFailedOptional Starting
277 silly rollbackFailedOptional Finishing
278 silly runTopLevelLifecycles Finishing
279 silly install printInstalled
280 verbose stack Error: canvas@1.2.11 install: `node-gyp rebuild`
280 verbose stack Exit status 1
280 verbose stack     at EventEmitter.<anonymous> (/Users/johnamaloney/.meteor/packages/meteor-tool/.1.4.2_3.1jwoed2++os.osx.x86_64+web.browser+web.cordova/mt-os.osx.x86_64/dev_bundle/lib/node_modules/npm/lib/utils/lifecycle.js:255:16)
280 verbose stack     at emitTwo (events.js:87:13)
280 verbose stack     at EventEmitter.emit (events.js:172:7)
280 verbose stack     at ChildProcess.<anonymous> (/Users/johnamaloney/.meteor/packages/meteor-tool/.1.4.2_3.1jwoed2++os.osx.x86_64+web.browser+web.cordova/mt-os.osx.x86_64/dev_bundle/lib/node_modules/npm/lib/utils/spawn.js:40:14)
280 verbose stack     at emitTwo (events.js:87:13)
280 verbose stack     at ChildProcess.emit (events.js:172:7)
280 verbose stack     at maybeClose (internal/child_process.js:854:16)
280 verbose stack     at Process.ChildProcess._handle.onexit (internal/child_process.js:222:5)
281 verbose pkgid canvas@1.2.11
282 verbose cwd /Users/johnamaloney/project-uqbar
283 error Darwin 15.6.0
284 error argv "/Users/johnamaloney/.meteor/packages/meteor-tool/.1.4.2_3.1jwoed2++os.osx.x86_64+web.browser+web.cordova/mt-os.osx.x86_64/dev_bundle/bin/node" "/Users/johnamaloney/.meteor/packages/meteor-tool/.1.4.2_3.1jwoed2++os.osx.x86_64+web.browser+web.cordova/mt-os.osx.x86_64/dev_bundle/bin/npm" "install" "--save" "color-thief"
285 error node v4.6.2
286 error npm  v3.10.9
287 error code ELIFECYCLE
288 error canvas@1.2.11 install: `node-gyp rebuild`
288 error Exit status 1
289 error Failed at the canvas@1.2.11 install script 'node-gyp rebuild'.
289 error Make sure you have the latest version of node.js and npm installed.
289 error If you do, this is most likely a problem with the canvas package,
289 error not with npm itself.
289 error Tell the author that this fails on your system:
289 error     node-gyp rebuild
289 error You can get information on how to open an issue for this project with:
289 error     npm bugs canvas
289 error Or if that isn't available, you can get their info via:
289 error     npm owner ls canvas
289 error There is likely additional logging output above.
290 verbose exit [ 1, true ]
